<?xml version="1.0" encoding="UTF-8"?>
<!-- Generated by org.testng.reporters.JUnitReportReporter -->
<testsuite skipped="3" hostname="Bharats-MacBook-Pro.local" name="test.NewCustomerComponentTest" tests="4" failures="0" timestamp="27 May 2020 11:26:31 GMT" time="2.378" errors="1">
  <testcase name="NewCustomer1" time="0.000" classname="test.NewCustomerComponentTest">
    <skipped/>
  </testcase> <!-- NewCustomer1 -->
  <testcase name="NewCustomer2" time="0.000" classname="test.NewCustomerComponentTest">
    <skipped/>
  </testcase> <!-- NewCustomer2 -->
  <testcase name="NewCustomer3" time="0.000" classname="test.NewCustomerComponentTest">
    <skipped/>
  </testcase> <!-- NewCustomer3 -->
  <testcase name="beforeTest" time="2.378" classname="test.NewCustomerComponentTest">
    <error type="org.openqa.selenium.SessionNotCreatedException" message="session not created: This version of ChromeDriver only supports Chrome version 81
Build info: version: &#039;3.141.59&#039;, revision: &#039;e82be7d358&#039;, time: &#039;2018-11-14T08:25:48&#039;
System info: host: &#039;Bharats-MacBook-Pro.local&#039;, ip: &#039;2405:201:3201:3fb8:50ed:b359:6f53:1b04%en0&#039;, os.name: &#039;Mac OS X&#039;, os.arch: &#039;x86_64&#039;, os.version: &#039;10.13.6&#039;, java.version: &#039;1.8.0_201&#039;
Driver info: driver.version: Driver
remote stacktrace: 0   chromedriver                        0x000000010c205269 chromedriver + 4674153
1   chromedriver                        0x000000010c19f593 chromedriver + 4257171
2   chromedriver                        0x000000010be48fcf chromedriver + 757711
3   chromedriver                        0x000000010bda8f89 chromedriver + 102281
4   chromedriver                        0x000000010bda51bc chromedriver + 86460
5   chromedriver                        0x000000010bdd43c3 chromedriver + 279491
6   chromedriver                        0x000000010bdd11d3 chromedriver + 266707
7   chromedriver                        0x000000010bdab1dd chromedriver + 111069
8   chromedriver                        0x000000010bdac185 chromedriver + 115077
9   chromedriver                        0x000000010c1c6fff chromedriver + 4419583
10  chromedriver                        0x000000010c1d47ba chromedriver + 4474810
11  chromedriver                        0x000000010c1d4557 chromedriver + 4474199
12  chromedriver                        0x000000010c1ab149 chromedriver + 4305225
13  chromedriver                        0x000000010c1d5067 chromedriver + 4477031
14  chromedriver                        0x000000010c1bcd87 chromedriver + 4377991
15  chromedriver                        0x000000010c1eb2d4 chromedriver + 4567764
16  chromedriver                        0x000000010c20b1f7 chromedriver + 4698615
17  libsystem_pthread.dylib             0x00007fff654dd661 _pthread_body + 340
18  libsystem_pthread.dylib             0x00007fff654dd50d _pthread_body + 0
19  libsystem_pthread.dylib             0x00007fff654dcbf9 thread_start + 13
">
      <![CDATA[org.openqa.selenium.SessionNotCreatedException: session not created: This version of ChromeDriver only supports Chrome version 81
Build info: version: '3.141.59', revision: 'e82be7d358', time: '2018-11-14T08:25:48'
System info: host: 'Bharats-MacBook-Pro.local', ip: '2405:201:3201:3fb8:50ed:b359:6f53:1b04%en0', os.name: 'Mac OS X', os.arch: 'x86_64', os.version: '10.13.6', java.version: '1.8.0_201'
Driver info: driver.version: Driver
remote stacktrace: 0   chromedriver                        0x000000010c205269 chromedriver + 4674153
1   chromedriver                        0x000000010c19f593 chromedriver + 4257171
2   chromedriver                        0x000000010be48fcf chromedriver + 757711
3   chromedriver                        0x000000010bda8f89 chromedriver + 102281
4   chromedriver                        0x000000010bda51bc chromedriver + 86460
5   chromedriver                        0x000000010bdd43c3 chromedriver + 279491
6   chromedriver                        0x000000010bdd11d3 chromedriver + 266707
7   chromedriver                        0x000000010bdab1dd chromedriver + 111069
8   chromedriver                        0x000000010bdac185 chromedriver + 115077
9   chromedriver                        0x000000010c1c6fff chromedriver + 4419583
10  chromedriver                        0x000000010c1d47ba chromedriver + 4474810
11  chromedriver                        0x000000010c1d4557 chromedriver + 4474199
12  chromedriver                        0x000000010c1ab149 chromedriver + 4305225
13  chromedriver                        0x000000010c1d5067 chromedriver + 4477031
14  chromedriver                        0x000000010c1bcd87 chromedriver + 4377991
15  chromedriver                        0x000000010c1eb2d4 chromedriver + 4567764
16  chromedriver                        0x000000010c20b1f7 chromedriver + 4698615
17  libsystem_pthread.dylib             0x00007fff654dd661 _pthread_body + 340
18  libsystem_pthread.dylib             0x00007fff654dd50d _pthread_body + 0
19  libsystem_pthread.dylib             0x00007fff654dcbf9 thread_start + 13

at sun.reflect.NativeConstructorAccessorImpl.newInstance0(Native Method)
at sun.reflect.NativeConstructorAccessorImpl.newInstance(NativeConstructorAccessorImpl.java:62)
at sun.reflect.DelegatingConstructorAccessorImpl.newInstance(DelegatingConstructorAccessorImpl.java:45)
at java.lang.reflect.Constructor.newInstance(Constructor.java:423)
at org.openqa.selenium.remote.W3CHandshakeResponse.lambda$errorHandler$0(W3CHandshakeResponse.java:62)
at org.openqa.selenium.remote.HandshakeResponse.lambda$getResponseFunction$0(HandshakeResponse.java:30)
at org.openqa.selenium.remote.ProtocolHandshake.lambda$createSession$0(ProtocolHandshake.java:126)
at java.util.stream.ReferencePipeline$3$1.accept(ReferencePipeline.java:193)
at java.util.Spliterators$ArraySpliterator.tryAdvance(Spliterators.java:958)
at java.util.stream.ReferencePipeline.forEachWithCancel(ReferencePipeline.java:126)
at java.util.stream.AbstractPipeline.copyIntoWithCancel(AbstractPipeline.java:498)
at java.util.stream.AbstractPipeline.copyInto(AbstractPipeline.java:485)
at java.util.stream.AbstractPipeline.wrapAndCopyInto(AbstractPipeline.java:471)
at java.util.stream.FindOps$FindOp.evaluateSequential(FindOps.java:152)
at java.util.stream.AbstractPipeline.evaluate(AbstractPipeline.java:234)
at java.util.stream.ReferencePipeline.findFirst(ReferencePipeline.java:464)
at org.openqa.selenium.remote.ProtocolHandshake.createSession(ProtocolHandshake.java:128)
at org.openqa.selenium.remote.ProtocolHandshake.createSession(ProtocolHandshake.java:74)
at org.openqa.selenium.remote.HttpCommandExecutor.execute(HttpCommandExecutor.java:136)
at org.openqa.selenium.remote.service.DriverCommandExecutor.execute(DriverCommandExecutor.java:83)
at org.openqa.selenium.remote.RemoteWebDriver.execute(RemoteWebDriver.java:552)
at org.openqa.selenium.remote.RemoteWebDriver.startSession(RemoteWebDriver.java:213)
at org.openqa.selenium.remote.RemoteWebDriver.<init>(RemoteWebDriver.java:131)
at org.openqa.selenium.chrome.ChromeDriver.<init>(ChromeDriver.java:181)
at org.openqa.selenium.chrome.ChromeDriver.<init>(ChromeDriver.java:168)
at org.openqa.selenium.chrome.ChromeDriver.<init>(ChromeDriver.java:123)
at GenericLib.Driver.openBrowser(Driver.java:95)
at test.NewCustomerComponentTest.beforeTest(NewCustomerComponentTest.java:160)
at sun.reflect.NativeMethodAccessorImpl.invoke0(Native Method)
at sun.reflect.NativeMethodAccessorImpl.invoke(NativeMethodAccessorImpl.java:62)
at sun.reflect.DelegatingMethodAccessorImpl.invoke(DelegatingMethodAccessorImpl.java:43)
at java.lang.reflect.Method.invoke(Method.java:498)
at org.testng.internal.MethodInvocationHelper.invokeMethod(MethodInvocationHelper.java:124)
at org.testng.internal.MethodInvocationHelper.invokeMethodConsideringTimeout(MethodInvocationHelper.java:59)
at org.testng.internal.Invoker.invokeConfigurationMethod(Invoker.java:458)
at org.testng.internal.Invoker.invokeConfigurations(Invoker.java:222)
at org.testng.internal.Invoker.invokeConfigurations(Invoker.java:142)
at org.testng.TestRunner.beforeRun(TestRunner.java:529)
at org.testng.TestRunner.run(TestRunner.java:497)
at org.testng.SuiteRunner.runTest(SuiteRunner.java:455)
at org.testng.SuiteRunner.runSequentially(SuiteRunner.java:450)
at org.testng.SuiteRunner.privateRun(SuiteRunner.java:415)
at org.testng.SuiteRunner.run(SuiteRunner.java:364)
at org.testng.SuiteRunnerWorker.runSuite(SuiteRunnerWorker.java:52)
at org.testng.SuiteRunnerWorker.run(SuiteRunnerWorker.java:84)
at org.testng.TestNG.runSuitesSequentially(TestNG.java:1208)
at org.testng.TestNG.runSuitesLocally(TestNG.java:1137)
at org.testng.TestNG.runSuites(TestNG.java:1049)
at org.testng.TestNG.run(TestNG.java:1017)
at org.testng.remote.AbstractRemoteTestNG.run(AbstractRemoteTestNG.java:115)
at org.testng.remote.RemoteTestNG.initAndRun(RemoteTestNG.java:251)
at org.testng.remote.RemoteTestNG.main(RemoteTestNG.java:77)
]]>
    </error>
  </testcase> <!-- beforeTest -->
</testsuite> <!-- test.NewCustomerComponentTest -->
